2025-01-03 16:03:36,863 - INFO - Task 1: Exploration of customer purchasing behavior started.
2025-01-03 16:06:14,555 - ERROR - Error loading datasets: [Errno 22] Invalid argument: '..\\src\\data\test.csv'
2025-01-03 16:08:47,759 - INFO - Datasets loaded successfully.
2025-01-03 16:08:47,771 - INFO - Datasets merged successfully.
2025-01-03 16:08:56,271 - INFO - Handling missing values...
2025-01-03 16:08:56,279 - INFO - Missing values handled.
2025-01-03 16:09:59,340 - INFO - Extracting features from Date column...
2025-01-03 16:09:59,382 - INFO - Date features extracted.
2025-01-03 16:10:25,424 - INFO - Handling missing values...
2025-01-03 16:10:25,434 - INFO - Missing values handled.
2025-01-03 16:10:48,574 - INFO - Filtering rows where stores are open...
2025-01-03 16:10:57,178 - INFO - Starting Exploratory Data Analysis...
2025-01-03 16:13:09,568 - INFO - Datasets loaded successfully.
2025-01-03 16:13:09,822 - INFO - Datasets merged successfully.
2025-01-03 16:13:18,157 - INFO - Datasets loaded successfully.
2025-01-03 16:13:18,438 - INFO - Datasets merged successfully.
2025-01-03 16:13:22,108 - INFO - Handling missing values...
2025-01-03 16:13:22,337 - INFO - Missing values handled.
2025-01-03 16:13:23,707 - INFO - Extracting features from Date column...
2025-01-03 16:13:24,339 - INFO - Date features extracted.
2025-01-03 16:13:26,764 - INFO - Filtering rows where stores are open...
2025-01-03 16:13:27,957 - INFO - Starting Exploratory Data Analysis...
2025-01-03 16:13:47,112 - INFO - Sales distribution plot saved.
